{"/Users/Samsonov/Desktop/cats/app/src/app/App.tsx": {"path":"/Users/Samsonov/Desktop/cats/app/src/app/App.tsx","statementMap":{"0":{"start":{"line":1,"column":0},"end":{"line":1,"column":26}},"1":{"start":{"line":2,"column":0},"end":{"line":2,"column":54}},"2":{"start":{"line":4,"column":22},"end":{"line":6,"column":1}},"3":{"start":{"line":5,"column":2},"end":{"line":5,"column":21}},"4":{"start":{"line":8,"column":0},"end":{"line":8,"column":19}}},"fnMap":{"0":{"name":"(anonymous_1)","decl":{"start":{"line":4,"column":22},"end":{"line":4,"column":25}},"loc":{"start":{"line":4,"column":27},"end":{"line":6,"column":1}}}},"branchMap":{},"s":{"0":0,"1":0,"2":0,"3":0,"4":0},"f":{"0":0},"b":{}}
,"/Users/Samsonov/Desktop/cats/app/src/app/main.tsx": {"path":"/Users/Samsonov/Desktop/cats/app/src/app/main.tsx","statementMap":{"0":{"start":{"line":1,"column":0},"end":{"line":1,"column":35}},"1":{"start":{"line":2,"column":0},"end":{"line":2,"column":46}},"2":{"start":{"line":4,"column":0},"end":{"line":4,"column":28}},"3":{"start":{"line":6,"column":0},"end":{"line":10,"column":2}}},"fnMap":{},"branchMap":{},"s":{"0":0,"1":0,"2":0,"3":0},"f":{},"b":{}}
,"/Users/Samsonov/Desktop/cats/app/src/types/App.css.d.ts": {"path":"/Users/Samsonov/Desktop/cats/app/src/types/App.css.d.ts","statementMap":{},"fnMap":{},"branchMap":{},"s":{},"f":{},"b":{}}
,"/Users/Samsonov/Desktop/cats/app/src/types/App.scss.d.ts": {"path":"/Users/Samsonov/Desktop/cats/app/src/types/App.scss.d.ts","statementMap":{},"fnMap":{},"branchMap":{},"s":{},"f":{},"b":{}}
,"/Users/Samsonov/Desktop/cats/app/src/types/vite-env.d.ts": {"path":"/Users/Samsonov/Desktop/cats/app/src/types/vite-env.d.ts","statementMap":{},"fnMap":{},"branchMap":{},"s":{},"f":{},"b":{}}
,"/Users/Samsonov/Desktop/cats/app/src/widgets/cat-controls/CatControls.tsx": {"path":"/Users/Samsonov/Desktop/cats/app/src/widgets/cat-controls/CatControls.tsx","statementMap":{"0":{"start":{"line":1,"column":0},"end":{"line":1,"column":26}},"1":{"start":{"line":2,"column":0},"end":{"line":2,"column":55}},"2":{"start":{"line":12,"column":48},"end":{"line":30,"column":1}},"3":{"start":{"line":13,"column":2},"end":{"line":29,"column":4}},"4":{"start":{"line":31,"column":0},"end":{"line":31,"column":27}}},"fnMap":{"0":{"name":"(anonymous_1)","decl":{"start":{"line":12,"column":48},"end":{"line":12,"column":49}},"loc":{"start":{"line":12,"column":125},"end":{"line":30,"column":1}}}},"branchMap":{},"s":{"0":2,"1":2,"2":2,"3":12,"4":2},"f":{"0":12},"b":{}}
,"/Users/Samsonov/Desktop/cats/app/src/widgets/cat-image/CatImage.tsx": {"path":"/Users/Samsonov/Desktop/cats/app/src/widgets/cat-image/CatImage.tsx","statementMap":{"0":{"start":{"line":1,"column":0},"end":{"line":1,"column":26}},"1":{"start":{"line":2,"column":0},"end":{"line":2,"column":52}},"2":{"start":{"line":8,"column":49},"end":{"line":10,"column":1}},"3":{"start":{"line":9,"column":2},"end":{"line":9,"column":133}},"4":{"start":{"line":8,"column":13},"end":{"line":8,"column":49}}},"fnMap":{"0":{"name":"(anonymous_1)","decl":{"start":{"line":8,"column":49},"end":{"line":8,"column":50}},"loc":{"start":{"line":8,"column":66},"end":{"line":10,"column":1}}}},"branchMap":{"0":{"loc":{"start":{"line":9,"column":43},"end":{"line":9,"column":125}},"type":"cond-expr","locations":[{"start":{"line":9,"column":54},"end":{"line":9,"column":98}},{"start":{"line":9,"column":101},"end":{"line":9,"column":125}}]}},"s":{"0":2,"1":2,"2":2,"3":11,"4":2},"f":{"0":11},"b":{"0":[3,8]}}
,"/Users/Samsonov/Desktop/cats/app/src/widgets/cat-main/CatMain.tsx": {"path":"/Users/Samsonov/Desktop/cats/app/src/widgets/cat-main/CatMain.tsx","statementMap":{"0":{"start":{"line":1,"column":0},"end":{"line":1,"column":51}},"1":{"start":{"line":2,"column":0},"end":{"line":2,"column":54}},"2":{"start":{"line":3,"column":0},"end":{"line":3,"column":49}},"3":{"start":{"line":4,"column":0},"end":{"line":4,"column":51}},"4":{"start":{"line":6,"column":33},"end":{"line":48,"column":1}},"5":{"start":{"line":7,"column":32},"end":{"line":7,"column":46}},"6":{"start":{"line":8,"column":40},"end":{"line":8,"column":55}},"7":{"start":{"line":9,"column":34},"end":{"line":9,"column":63}},"8":{"start":{"line":11,"column":17},"end":{"line":19,"column":4}},"9":{"start":{"line":11,"column":28},"end":{"line":19,"column":4}},"10":{"start":{"line":12,"column":4},"end":{"line":18,"column":5}},"11":{"start":{"line":13,"column":18},"end":{"line":13,"column":75}},"12":{"start":{"line":14,"column":19},"end":{"line":14,"column":35}},"13":{"start":{"line":15,"column":6},"end":{"line":15,"column":31}},"14":{"start":{"line":17,"column":6},"end":{"line":17,"column":48}},"15":{"start":{"line":21,"column":2},"end":{"line":34,"column":29}},"16":{"start":{"line":22,"column":42},"end":{"line":22,"column":46}},"17":{"start":{"line":24,"column":4},"end":{"line":29,"column":5}},"18":{"start":{"line":25,"column":6},"end":{"line":25,"column":15}},"19":{"start":{"line":26,"column":6},"end":{"line":28,"column":15}},"20":{"start":{"line":27,"column":8},"end":{"line":27,"column":17}},"21":{"start":{"line":31,"column":4},"end":{"line":33,"column":6}},"22":{"start":{"line":32,"column":6},"end":{"line":32,"column":44}},"23":{"start":{"line":32,"column":20},"end":{"line":32,"column":44}},"24":{"start":{"line":36,"column":2},"end":{"line":47,"column":4}},"25":{"start":{"line":41,"column":31},"end":{"line":41,"column":58}},"26":{"start":{"line":41,"column":52},"end":{"line":41,"column":57}},"27":{"start":{"line":42,"column":35},"end":{"line":42,"column":66}},"28":{"start":{"line":42,"column":60},"end":{"line":42,"column":65}},"29":{"start":{"line":6,"column":13},"end":{"line":6,"column":33}}},"fnMap":{"0":{"name":"(anonymous_17)","decl":{"start":{"line":6,"column":33},"end":{"line":6,"column":36}},"loc":{"start":{"line":6,"column":38},"end":{"line":48,"column":1}}},"1":{"name":"(anonymous_18)","decl":{"start":{"line":11,"column":17},"end":{"line":11,"column":26}},"loc":{"start":{"line":11,"column":28},"end":{"line":19,"column":4}}},"2":{"name":"(anonymous_19)","decl":{"start":{"line":11,"column":28},"end":{"line":11,"column":null}},"loc":{"start":{"line":11,"column":28},"end":{"line":19,"column":3}}},"3":{"name":"(anonymous_20)","decl":{"start":{"line":21,"column":12},"end":{"line":21,"column":15}},"loc":{"start":{"line":21,"column":17},"end":{"line":34,"column":3}}},"4":{"name":"(anonymous_21)","decl":{"start":{"line":26,"column":29},"end":{"line":26,"column":32}},"loc":{"start":{"line":26,"column":34},"end":{"line":28,"column":7}}},"5":{"name":"(anonymous_22)","decl":{"start":{"line":31,"column":11},"end":{"line":31,"column":14}},"loc":{"start":{"line":31,"column":16},"end":{"line":33,"column":5}}},"6":{"name":"(anonymous_23)","decl":{"start":{"line":41,"column":25},"end":{"line":41,"column":28}},"loc":{"start":{"line":41,"column":31},"end":{"line":41,"column":58}}},"7":{"name":"(anonymous_24)","decl":{"start":{"line":41,"column":42},"end":{"line":41,"column":43}},"loc":{"start":{"line":41,"column":52},"end":{"line":41,"column":57}}},"8":{"name":"(anonymous_25)","decl":{"start":{"line":42,"column":29},"end":{"line":42,"column":32}},"loc":{"start":{"line":42,"column":35},"end":{"line":42,"column":66}}},"9":{"name":"(anonymous_26)","decl":{"start":{"line":42,"column":50},"end":{"line":42,"column":51}},"loc":{"start":{"line":42,"column":60},"end":{"line":42,"column":65}}}},"branchMap":{"0":{"loc":{"start":{"line":24,"column":4},"end":{"line":29,"column":5}},"type":"if","locations":[{"start":{"line":24,"column":4},"end":{"line":29,"column":5}}]},"1":{"loc":{"start":{"line":24,"column":8},"end":{"line":24,"column":30}},"type":"binary-expr","locations":[{"start":{"line":24,"column":8},"end":{"line":24,"column":15}},{"start":{"line":24,"column":19},"end":{"line":24,"column":30}}]},"2":{"loc":{"start":{"line":32,"column":6},"end":{"line":32,"column":44}},"type":"if","locations":[{"start":{"line":32,"column":6},"end":{"line":32,"column":44}}]}},"s":{"0":1,"1":1,"2":1,"3":1,"4":1,"5":9,"6":9,"7":9,"8":9,"9":4,"10":4,"11":4,"12":4,"13":4,"14":0,"15":9,"16":7,"17":7,"18":1,"19":1,"20":2,"21":7,"22":7,"23":1,"24":9,"25":1,"26":1,"27":2,"28":2,"29":1},"f":{"0":9,"1":4,"2":4,"3":7,"4":2,"5":7,"6":1,"7":1,"8":2,"9":2},"b":{"0":[1],"1":[7,5],"2":[1]}}
}
