TN:
SF:src/app/App.tsx
FN:4,(anonymous_1)
FNF:1
FNH:0
FNDA:0,(anonymous_1)
DA:1,0
DA:2,0
DA:4,0
DA:5,0
DA:8,0
LF:5
LH:0
BRF:0
BRH:0
end_of_record
TN:
SF:src/app/main.tsx
FNF:0
FNH:0
DA:1,0
DA:2,0
DA:4,0
DA:6,0
LF:4
LH:0
BRF:0
BRH:0
end_of_record
TN:
SF:src/types/App.css.d.ts
FNF:0
FNH:0
LF:0
LH:0
BRF:0
BRH:0
end_of_record
TN:
SF:src/types/App.scss.d.ts
FNF:0
FNH:0
LF:0
LH:0
BRF:0
BRH:0
end_of_record
TN:
SF:src/types/vite-env.d.ts
FNF:0
FNH:0
LF:0
LH:0
BRF:0
BRH:0
end_of_record
TN:
SF:src/widgets/cat-controls/CatControls.tsx
FN:12,(anonymous_1)
FNF:1
FNH:1
FNDA:12,(anonymous_1)
DA:1,2
DA:2,2
DA:12,2
DA:13,12
DA:31,2
LF:5
LH:5
BRF:0
BRH:0
end_of_record
TN:
SF:src/widgets/cat-image/CatImage.tsx
FN:8,(anonymous_1)
FNF:1
FNH:1
FNDA:11,(anonymous_1)
DA:1,2
DA:2,2
DA:8,2
DA:9,11
LF:4
LH:4
BRDA:9,0,0,3
BRDA:9,0,1,8
BRF:2
BRH:2
end_of_record
TN:
SF:src/widgets/cat-main/CatMain.tsx
FN:6,(anonymous_17)
FN:11,(anonymous_18)
FN:11,(anonymous_19)
FN:21,(anonymous_20)
FN:26,(anonymous_21)
FN:31,(anonymous_22)
FN:41,(anonymous_23)
FN:41,(anonymous_24)
FN:42,(anonymous_25)
FN:42,(anonymous_26)
FNF:10
FNH:10
FNDA:9,(anonymous_17)
FNDA:4,(anonymous_18)
FNDA:4,(anonymous_19)
FNDA:7,(anonymous_20)
FNDA:2,(anonymous_21)
FNDA:7,(anonymous_22)
FNDA:1,(anonymous_23)
FNDA:1,(anonymous_24)
FNDA:2,(anonymous_25)
FNDA:2,(anonymous_26)
DA:1,1
DA:2,1
DA:3,1
DA:4,1
DA:6,1
DA:7,9
DA:8,9
DA:9,9
DA:11,9
DA:12,4
DA:13,4
DA:14,4
DA:15,4
DA:17,0
DA:21,9
DA:22,7
DA:24,7
DA:25,1
DA:26,1
DA:27,2
DA:31,7
DA:32,7
DA:36,9
DA:41,1
DA:42,2
LF:25
LH:24
BRDA:24,0,0,1
BRDA:24,1,0,7
BRDA:24,1,1,5
BRDA:32,2,0,1
BRF:4
BRH:4
end_of_record
